<?xml version="1.0" encoding="UTF-8"?>
<!-- Generated by org.testng.reporters.JUnitXMLReporter -->
<testsuite ignored="0" hostname="DESKTOP-9STP60L" failures="0" tests="3" name="Test" time="11.991" errors="0" timestamp="2023-08-09T15:29:44 IST">
  <testcase classname="test.ValidateLoginUsingProperty" name="validateEmailIDField" time="0.459"/>
  <testcase classname="test.ValidateLoginUsingProperty" name="f" time="0.004"/>
  <testcase classname="test.ValidateLoginUsingProperty" name="validatePasswordField" time="0.336"/>
</testsuite> <!-- Test -->
